<?xml version="1.0" encoding="UTF-8"?>
<coverage generated="1617882670491" clover="3.2.0">
  <project timestamp="1617882670491" name="All files">
    <metrics statements="23" coveredstatements="7" conditionals="0" coveredconditionals="0" methods="18" coveredmethods="2" elements="41" coveredelements="9" complexity="0" loc="23" ncloc="23" packages="2" files="3" classes="3"/>
    <package name="MoviesSearchApp">
      <metrics statements="1" coveredstatements="1" conditionals="0" coveredconditionals="0" methods="1" coveredmethods="1"/>
      <file name="App.js" path="/Users/nastya/Desktop/MoviesSearchApp/App.js">
        <metrics statements="1" coveredstatements="1" conditionals="0" coveredconditionals="0" methods="1" coveredmethods="1"/>
        <line num="5" count="1" type="stmt"/>
      </file>
    </package>
    <package name="MoviesSearchApp.components">
      <metrics statements="22" coveredstatements="6" conditionals="0" coveredconditionals="0" methods="17" coveredmethods="1"/>
      <file name="MoviesSearch.js" path="/Users/nastya/Desktop/MoviesSearchApp/components/MoviesSearch.js">
        <metrics statements="21" coveredstatements="5" conditionals="0" coveredconditionals="0" methods="17" coveredmethods="1"/>
        <line num="17" count="1" type="stmt"/>
        <line num="22" count="1" type="stmt"/>
        <line num="24" count="1" type="stmt"/>
        <line num="25" count="0" type="stmt"/>
        <line num="28" count="0" type="stmt"/>
        <line num="30" count="0" type="stmt"/>
        <line num="31" count="0" type="stmt"/>
        <line num="35" count="0" type="stmt"/>
        <line num="38" count="1" type="stmt"/>
        <line num="39" count="0" type="stmt"/>
        <line num="42" count="0" type="stmt"/>
        <line num="44" count="0" type="stmt"/>
        <line num="45" count="0" type="stmt"/>
        <line num="49" count="0" type="stmt"/>
        <line num="53" count="1" type="stmt"/>
        <line num="61" count="0" type="stmt"/>
        <line num="62" count="0" type="stmt"/>
        <line num="70" count="0" type="stmt"/>
        <line num="82" count="0" type="stmt"/>
        <line num="113" count="0" type="stmt"/>
        <line num="114" count="0" type="stmt"/>
      </file>
      <file name="MoviesSearch.styles.js" path="/Users/nastya/Desktop/MoviesSearchApp/components/MoviesSearch.styles.js">
        <metrics statements="1" coveredstatements="1" conditionals="0" coveredconditionals="0" methods="0" coveredmethods="0"/>
        <line num="3" count="1" type="stmt"/>
      </file>
    </package>
  </project>
</coverage>
