{"/Users/nastya/Desktop/MoviesSearchApp/App.js": {"path":"/Users/nastya/Desktop/MoviesSearchApp/App.js","statementMap":{"0":{"start":{"line":5,"column":2},"end":{"line":5,"column":26}}},"fnMap":{"0":{"name":"App","decl":{"start":{"line":4,"column":24},"end":{"line":4,"column":27}},"loc":{"start":{"line":4,"column":30},"end":{"line":6,"column":1}},"line":4}},"branchMap":{},"s":{"0":1},"f":{"0":1},"b":{},"_coverageSchema":"1a1c01bbd47fc00a2c39e90264f33305004495a9","hash":"dcf788b7084eb07c6896740dd68b0751879ef08d"}
,"/Users/nastya/Desktop/MoviesSearchApp/components/MoviesSearch.js": {"path":"/Users/nastya/Desktop/MoviesSearchApp/components/MoviesSearch.js","statementMap":{"0":{"start":{"line":17,"column":28},"end":{"line":21,"column":4}},"1":{"start":{"line":22,"column":46},"end":{"line":22,"column":51}},"2":{"start":{"line":24,"column":27},"end":{"line":37,"column":3}},"3":{"start":{"line":25,"column":4},"end":{"line":36,"column":9}},"4":{"start":{"line":28,"column":24},"end":{"line":28,"column":39}},"5":{"start":{"line":30,"column":8},"end":{"line":32,"column":11}},"6":{"start":{"line":31,"column":10},"end":{"line":31,"column":53}},"7":{"start":{"line":35,"column":8},"end":{"line":35,"column":29}},"8":{"start":{"line":38,"column":28},"end":{"line":51,"column":3}},"9":{"start":{"line":39,"column":4},"end":{"line":50,"column":9}},"10":{"start":{"line":42,"column":24},"end":{"line":42,"column":39}},"11":{"start":{"line":44,"column":8},"end":{"line":46,"column":11}},"12":{"start":{"line":45,"column":10},"end":{"line":45,"column":53}},"13":{"start":{"line":49,"column":8},"end":{"line":49,"column":29}},"14":{"start":{"line":53,"column":2},"end":{"line":122,"column":4}},"15":{"start":{"line":61,"column":10},"end":{"line":63,"column":12}},"16":{"start":{"line":62,"column":12},"end":{"line":62,"column":48}},"17":{"start":{"line":70,"column":10},"end":{"line":85,"column":17}},"18":{"start":{"line":82,"column":31},"end":{"line":82,"column":52}},"19":{"start":{"line":113,"column":16},"end":{"line":115,"column":18}},"20":{"start":{"line":114,"column":18},"end":{"line":114,"column":59}}},"fnMap":{"0":{"name":"MoviesSearch","decl":{"start":{"line":16,"column":24},"end":{"line":16,"column":36}},"loc":{"start":{"line":16,"column":39},"end":{"line":123,"column":1}},"line":16},"1":{"name":"(anonymous_1)","decl":{"start":{"line":24,"column":27},"end":{"line":24,"column":28}},"loc":{"start":{"line":24,"column":33},"end":{"line":37,"column":3}},"line":24},"2":{"name":"(anonymous_2)","decl":{"start":{"line":28,"column":12},"end":{"line":28,"column":13}},"loc":{"start":{"line":28,"column":24},"end":{"line":28,"column":39}},"line":28},"3":{"name":"(anonymous_3)","decl":{"start":{"line":29,"column":12},"end":{"line":29,"column":13}},"loc":{"start":{"line":29,"column":27},"end":{"line":33,"column":7}},"line":29},"4":{"name":"(anonymous_4)","decl":{"start":{"line":30,"column":17},"end":{"line":30,"column":18}},"loc":{"start":{"line":30,"column":30},"end":{"line":32,"column":9}},"line":30},"5":{"name":"(anonymous_5)","decl":{"start":{"line":34,"column":13},"end":{"line":34,"column":14}},"loc":{"start":{"line":34,"column":22},"end":{"line":36,"column":7}},"line":34},"6":{"name":"(anonymous_6)","decl":{"start":{"line":38,"column":28},"end":{"line":38,"column":29}},"loc":{"start":{"line":38,"column":34},"end":{"line":51,"column":3}},"line":38},"7":{"name":"(anonymous_7)","decl":{"start":{"line":42,"column":12},"end":{"line":42,"column":13}},"loc":{"start":{"line":42,"column":24},"end":{"line":42,"column":39}},"line":42},"8":{"name":"(anonymous_8)","decl":{"start":{"line":43,"column":12},"end":{"line":43,"column":13}},"loc":{"start":{"line":43,"column":20},"end":{"line":47,"column":7}},"line":43},"9":{"name":"(anonymous_9)","decl":{"start":{"line":44,"column":17},"end":{"line":44,"column":18}},"loc":{"start":{"line":44,"column":30},"end":{"line":46,"column":9}},"line":44},"10":{"name":"(anonymous_10)","decl":{"start":{"line":48,"column":13},"end":{"line":48,"column":14}},"loc":{"start":{"line":48,"column":22},"end":{"line":50,"column":7}},"line":48},"11":{"name":"(anonymous_11)","decl":{"start":{"line":60,"column":22},"end":{"line":60,"column":23}},"loc":{"start":{"line":61,"column":10},"end":{"line":63,"column":12}},"line":61},"12":{"name":"(anonymous_12)","decl":{"start":{"line":61,"column":19},"end":{"line":61,"column":20}},"loc":{"start":{"line":61,"column":32},"end":{"line":63,"column":11}},"line":61},"13":{"name":"(anonymous_13)","decl":{"start":{"line":69,"column":25},"end":{"line":69,"column":26}},"loc":{"start":{"line":70,"column":10},"end":{"line":85,"column":17}},"line":70},"14":{"name":"(anonymous_14)","decl":{"start":{"line":82,"column":25},"end":{"line":82,"column":26}},"loc":{"start":{"line":82,"column":31},"end":{"line":82,"column":52}},"line":82},"15":{"name":"(anonymous_15)","decl":{"start":{"line":112,"column":23},"end":{"line":112,"column":24}},"loc":{"start":{"line":113,"column":16},"end":{"line":115,"column":18}},"line":113},"16":{"name":"(anonymous_16)","decl":{"start":{"line":113,"column":25},"end":{"line":113,"column":26}},"loc":{"start":{"line":113,"column":38},"end":{"line":115,"column":17}},"line":113}},"branchMap":{},"s":{"0":1,"1":1,"2":1,"3":0,"4":0,"5":0,"6":0,"7":0,"8":1,"9":0,"10":0,"11":0,"12":0,"13":0,"14":1,"15":0,"16":0,"17":0,"18":0,"19":0,"20":0},"f":{"0":1,"1":0,"2":0,"3":0,"4":0,"5":0,"6":0,"7":0,"8":0,"9":0,"10":0,"11":0,"12":0,"13":0,"14":0,"15":0,"16":0},"b":{},"_coverageSchema":"1a1c01bbd47fc00a2c39e90264f33305004495a9","hash":"3dfa76a17e86ef5d8a015d9d5dc779cf7dcd95ea"}
,"/Users/nastya/Desktop/MoviesSearchApp/components/MoviesSearch.styles.js": {"path":"/Users/nastya/Desktop/MoviesSearchApp/components/MoviesSearch.styles.js","statementMap":{"0":{"start":{"line":3,"column":15},"end":{"line":75,"column":2}}},"fnMap":{},"branchMap":{},"s":{"0":1},"f":{},"b":{},"_coverageSchema":"1a1c01bbd47fc00a2c39e90264f33305004495a9","hash":"7e777e0142754b50337158ac9e060875bccd2fa8"}
}
