TN:
SF:App.js
FN:4,App
FNF:1
FNH:1
FNDA:1,App
DA:5,1
LF:1
LH:1
BRF:0
BRH:0
end_of_record
TN:
SF:components/MoviesSearch.js
FN:16,MoviesSearch
FN:24,(anonymous_1)
FN:28,(anonymous_2)
FN:29,(anonymous_3)
FN:30,(anonymous_4)
FN:34,(anonymous_5)
FN:38,(anonymous_6)
FN:42,(anonymous_7)
FN:43,(anonymous_8)
FN:44,(anonymous_9)
FN:48,(anonymous_10)
FN:60,(anonymous_11)
FN:61,(anonymous_12)
FN:69,(anonymous_13)
FN:82,(anonymous_14)
FN:112,(anonymous_15)
FN:113,(anonymous_16)
FNF:17
FNH:1
FNDA:1,MoviesSearch
FNDA:0,(anonymous_1)
FNDA:0,(anonymous_2)
FNDA:0,(anonymous_3)
FNDA:0,(anonymous_4)
FNDA:0,(anonymous_5)
FNDA:0,(anonymous_6)
FNDA:0,(anonymous_7)
FNDA:0,(anonymous_8)
FNDA:0,(anonymous_9)
FNDA:0,(anonymous_10)
FNDA:0,(anonymous_11)
FNDA:0,(anonymous_12)
FNDA:0,(anonymous_13)
FNDA:0,(anonymous_14)
FNDA:0,(anonymous_15)
FNDA:0,(anonymous_16)
DA:17,1
DA:22,1
DA:24,1
DA:25,0
DA:28,0
DA:30,0
DA:31,0
DA:35,0
DA:38,1
DA:39,0
DA:42,0
DA:44,0
DA:45,0
DA:49,0
DA:53,1
DA:61,0
DA:62,0
DA:70,0
DA:82,0
DA:113,0
DA:114,0
LF:21
LH:5
BRF:0
BRH:0
end_of_record
TN:
SF:components/MoviesSearch.styles.js
FNF:0
FNH:0
DA:3,1
LF:1
LH:1
BRF:0
BRH:0
end_of_record
